{"level":"error","message":"undefined does not have an account.","timestamp":"7/31/2024, 12:32:55 AM"}
{"level":"info","message":"Creating new record in user_account table","timestamp":"7/31/2024, 12:33:01 AM"}
{"level":"error","message":"woobrt is already registered.","timestamp":"7/31/2024, 12:33:17 AM"}
{"level":"error","message":"woobrt is already registered.","timestamp":"7/31/2024, 12:33:55 AM"}
{"level":"error","message":"woobrt is already registered.","timestamp":"7/31/2024, 12:34:32 AM"}
{"level":"error","message":"undefined does not have an account.","timestamp":"7/31/2024, 12:34:36 AM"}
{"level":"info","message":"Creating new record in user_account table","timestamp":"7/31/2024, 12:34:43 AM"}
{"level":"info","message":"Creating new record in user_account table","timestamp":"7/31/2024, 12:35:13 AM"}
{"level":"info","message":"Record created with id 5","timestamp":"7/31/2024, 12:35:13 AM"}
{"level":"error","message":"undefined does not have an account.","timestamp":"7/31/2024, 12:35:16 AM"}
{"level":"error","message":"undefined does not have an account.","timestamp":"7/31/2024, 12:35:18 AM"}
{"level":"error","message":"undefined does not have an account.","timestamp":"7/31/2024, 12:35:20 AM"}
{"level":"info","message":"existingUserAccount woobr","timestamp":"7/31/2024, 12:36:54 AM"}
{"level":"info","message":"Authentication successful!","timestamp":"7/31/2024, 12:36:54 AM"}
{"level":"info","message":"existingUserAccount woobrt","timestamp":"7/31/2024, 12:36:57 AM"}
{"level":"info","message":"Authentication successful!","timestamp":"7/31/2024, 12:36:57 AM"}
{"level":"info","message":"existingUserAccount woobert","timestamp":"7/31/2024, 12:37:01 AM"}
{"level":"info","message":"Authentication successful!","timestamp":"7/31/2024, 12:37:01 AM"}
{"level":"info","message":"No data for that account.","timestamp":"7/31/2024, 12:47:15 AM"}
{"level":"info","message":"existingUserAccountDetails Jamie","timestamp":"7/31/2024, 12:53:10 AM"}
{"level":"info","message":"existingUserAccount woobert","timestamp":"7/31/2024, 1:27:44 AM"}
{"level":"info","message":"Authentication successful!","timestamp":"7/31/2024, 1:27:44 AM"}
{"level":"info","message":"No data for that account.","timestamp":"7/31/2024, 1:27:47 AM"}
{"level":"info","message":"No data for that account.","timestamp":"7/31/2024, 1:27:47 AM"}
{"level":"info","message":"existingUserAccount woobert","timestamp":"7/31/2024, 1:39:16 AM"}
{"level":"info","message":"Authentication successful!","timestamp":"7/31/2024, 1:39:16 AM"}
{"level":"info","message":"No data for that account.","timestamp":"7/31/2024, 1:39:18 AM"}
{"level":"info","message":"No data for that account.","timestamp":"7/31/2024, 1:39:18 AM"}
{"level":"info","message":"existingUserAccount woobert","timestamp":"7/31/2024, 1:47:53 AM"}
{"level":"info","message":"Authentication successful!","timestamp":"7/31/2024, 1:47:53 AM"}
{"level":"info","message":"existingUserAccount woobert","timestamp":"7/31/2024, 2:03:48 AM"}
{"level":"info","message":"Authentication successful!","timestamp":"7/31/2024, 2:03:48 AM"}
{"level":"info","message":"existingUserAccount woobert","timestamp":"7/31/2024, 2:13:41 AM"}
{"level":"info","message":"Authentication successful!","timestamp":"7/31/2024, 2:13:41 AM"}
{"level":"info","message":"existingUserAccount woobert","timestamp":"7/31/2024, 2:15:22 AM"}
{"level":"info","message":"Authentication successful!","timestamp":"7/31/2024, 2:15:22 AM"}
{"level":"info","message":"existingUserAccountDetails Jamie","timestamp":"7/31/2024, 4:41:26 AM"}
{"level":"info","message":"existingUserAccount woobert","timestamp":"7/31/2024, 4:41:43 AM"}
{"level":"info","message":"Authentication successful!","timestamp":"7/31/2024, 4:41:43 AM"}
{"level":"error","message":"woober does not have an account.","timestamp":"7/31/2024, 4:41:47 AM"}
{"level":"info","message":"existingUserAccount woobrt","timestamp":"7/31/2024, 4:41:52 AM"}
{"level":"info","message":"Authentication successful!","timestamp":"7/31/2024, 4:41:52 AM"}
{"level":"info","message":"existingUserAccount woobrt","timestamp":"7/31/2024, 4:43:07 AM"}
{"level":"info","message":"Authentication successful!","timestamp":"7/31/2024, 4:43:07 AM"}
{"level":"info","message":"existingUserAccount woobrt","timestamp":"7/31/2024, 4:44:02 AM"}
{"level":"info","message":"Authentication successful!","timestamp":"7/31/2024, 4:44:02 AM"}
{"level":"info","message":"No data for that account.","timestamp":"7/31/2024, 4:44:05 AM"}
{"level":"info","message":"No data for that account.","timestamp":"7/31/2024, 4:44:05 AM"}
{"level":"info","message":"No data for that account.","timestamp":"7/31/2024, 4:46:48 AM"}
{"level":"info","message":"No data for that account.","timestamp":"7/31/2024, 4:46:48 AM"}
{"level":"info","message":"No data for that account.","timestamp":"7/31/2024, 4:47:38 AM"}
{"level":"info","message":"No data for that account.","timestamp":"7/31/2024, 4:47:38 AM"}
{"level":"info","message":"No data for that account.","timestamp":"7/31/2024, 4:49:00 AM"}
{"level":"info","message":"No data for that account.","timestamp":"7/31/2024, 4:49:00 AM"}
{"level":"info","message":"No data for that account.","timestamp":"7/31/2024, 4:49:37 AM"}
{"level":"info","message":"No data for that account.","timestamp":"7/31/2024, 4:49:37 AM"}
{"level":"info","message":"existingUserAccount woobrt","timestamp":"7/31/2024, 4:49:46 AM"}
{"level":"info","message":"Authentication successful!","timestamp":"7/31/2024, 4:49:47 AM"}
{"level":"info","message":"No data for that account.","timestamp":"7/31/2024, 4:49:51 AM"}
{"level":"info","message":"No data for that account.","timestamp":"7/31/2024, 4:49:51 AM"}
{"level":"info","message":"existingUserAccount woobrt","timestamp":"7/31/2024, 4:50:40 AM"}
{"level":"info","message":"Authentication successful!","timestamp":"7/31/2024, 4:50:40 AM"}
{"level":"info","message":"existingUserAccountDetails Jamie","timestamp":"7/31/2024, 4:50:43 AM"}
{"level":"info","message":"existingUserAccountDetails Jamie","timestamp":"7/31/2024, 4:50:43 AM"}
{"level":"info","message":"existingUserAccount woobert","timestamp":"7/31/2024, 4:50:52 AM"}
{"level":"info","message":"Authentication successful!","timestamp":"7/31/2024, 4:50:52 AM"}
{"level":"info","message":"No data for that account.","timestamp":"7/31/2024, 4:50:53 AM"}
{"level":"info","message":"No data for that account.","timestamp":"7/31/2024, 4:50:53 AM"}
{"level":"info","message":"existingUserAccount woobert","timestamp":"7/31/2024, 4:52:42 AM"}
{"level":"info","message":"Authentication successful!","timestamp":"7/31/2024, 4:52:42 AM"}
{"level":"info","message":"No data for that account.","timestamp":"7/31/2024, 4:52:44 AM"}
{"level":"info","message":"No data for that account.","timestamp":"7/31/2024, 4:52:44 AM"}
{"level":"info","message":"existingUserAccount woobert","timestamp":"7/31/2024, 4:54:33 AM"}
{"level":"info","message":"Authentication successful!","timestamp":"7/31/2024, 4:54:33 AM"}
{"level":"info","message":"No data for that account.","timestamp":"7/31/2024, 4:54:34 AM"}
{"level":"info","message":"No data for that account.","timestamp":"7/31/2024, 4:54:34 AM"}
{"level":"info","message":"No data for that account.","timestamp":"7/31/2024, 4:55:12 AM"}
{"level":"info","message":"No data for that account.","timestamp":"7/31/2024, 4:55:12 AM"}
{"level":"info","message":"existingUserAccountDetails ","timestamp":"7/31/2024, 4:57:00 AM"}
{"level":"info","message":"existingUserAccountDetails ","timestamp":"7/31/2024, 4:57:00 AM"}
{"level":"error","message":"asdfas does not have an account.","timestamp":"7/31/2024, 5:02:14 AM"}
{"level":"error","message":"asdfas does not have an account.","timestamp":"7/31/2024, 5:03:09 AM"}
{"level":"error","message":"asdfas does not have an account.","timestamp":"7/31/2024, 5:03:11 AM"}
{"level":"info","message":"Creating new record in user_account table","timestamp":"7/31/2024, 5:03:22 AM"}
{"level":"info","message":"Record created with id 6","timestamp":"7/31/2024, 5:03:22 AM"}
{"level":"error","message":"asdfas is already registered.","timestamp":"7/31/2024, 5:04:38 AM"}
{"level":"info","message":"existingUserAccount woobert","timestamp":"7/31/2024, 5:58:08 AM"}
{"level":"info","message":"Authentication successful!","timestamp":"7/31/2024, 5:58:08 AM"}
{"level":"info","message":"No data for that account.","timestamp":"7/31/2024, 5:58:10 AM"}
{"level":"info","message":"No data for that account.","timestamp":"7/31/2024, 5:58:10 AM"}
{"level":"info","message":"No data for that account.","timestamp":"7/31/2024, 5:58:57 AM"}
{"level":"info","message":"No data for that account.","timestamp":"7/31/2024, 5:58:57 AM"}
{"level":"info","message":"No data for that account.","timestamp":"7/31/2024, 5:59:45 AM"}
{"level":"info","message":"No data for that account.","timestamp":"7/31/2024, 5:59:45 AM"}
{"level":"info","message":"No data for that account.","timestamp":"7/31/2024, 6:00:31 AM"}
{"level":"info","message":"No data for that account.","timestamp":"7/31/2024, 6:01:14 AM"}
{"level":"info","message":"No data for that account.","timestamp":"7/31/2024, 6:01:14 AM"}
{"level":"info","message":"No data for that account.","timestamp":"7/31/2024, 6:02:38 AM"}
{"level":"info","message":"No data for that account.","timestamp":"7/31/2024, 6:02:38 AM"}
{"level":"info","message":"existingUserAccount woobert","timestamp":"7/31/2024, 3:17:18 PM"}
{"level":"info","message":"Authentication successful!","timestamp":"7/31/2024, 3:17:18 PM"}
{"level":"info","message":"No data for that account.","timestamp":"7/31/2024, 3:17:19 PM"}
{"level":"info","message":"No data for that account.","timestamp":"7/31/2024, 3:17:19 PM"}
{"level":"info","message":"No data for that account.","timestamp":"7/31/2024, 3:23:23 PM"}
{"level":"info","message":"No data for that account.","timestamp":"7/31/2024, 3:23:23 PM"}
{"level":"info","message":"existingUserAccount asdfas","timestamp":"7/31/2024, 3:26:32 PM"}
{"level":"error","message":"Password is incorrect.","timestamp":"7/31/2024, 3:26:32 PM"}
{"level":"info","message":"existingUserAccount woobert","timestamp":"7/31/2024, 3:26:38 PM"}
{"level":"info","message":"Authentication successful!","timestamp":"7/31/2024, 3:26:38 PM"}
{"level":"info","message":"No data for that account.","timestamp":"7/31/2024, 3:26:48 PM"}
{"level":"info","message":"No data for that account.","timestamp":"7/31/2024, 3:26:48 PM"}
{"level":"info","message":"No data for that account.","timestamp":"7/31/2024, 3:29:17 PM"}
{"level":"info","message":"No data for that account.","timestamp":"7/31/2024, 3:29:17 PM"}
{"level":"info","message":"USER ID: undefined","timestamp":"7/31/2024, 3:40:50 PM"}
{"level":"info","message":"USER ID: undefined","timestamp":"7/31/2024, 3:41:40 PM"}
{"level":"info","message":"USER ID: undefined","timestamp":"7/31/2024, 3:42:45 PM"}
{"level":"info","message":"existingUserAccount woobert","timestamp":"7/31/2024, 3:43:48 PM"}
{"level":"info","message":"Authentication successful!","timestamp":"7/31/2024, 3:43:48 PM"}
{"level":"info","message":"No data for that account.","timestamp":"7/31/2024, 3:43:49 PM"}
{"level":"info","message":"No data for that account.","timestamp":"7/31/2024, 3:43:49 PM"}
{"level":"info","message":"USER ID: undefined","timestamp":"7/31/2024, 3:44:10 PM"}
{"level":"info","message":"USER ID: undefined","timestamp":"7/31/2024, 3:49:00 PM"}
{"level":"info","message":"USER ID: undefined","timestamp":"7/31/2024, 3:49:55 PM"}
{"level":"info","message":"USER ID: undefined","timestamp":"7/31/2024, 3:50:37 PM"}
{"level":"info","message":"USER ID: undefined","timestamp":"7/31/2024, 3:59:28 PM"}
{"level":"info","message":"USER ID: undefined","timestamp":"7/31/2024, 4:00:56 PM"}
{"level":"info","message":"USER ID: undefined","timestamp":"7/31/2024, 4:01:27 PM"}
{"level":"info","message":"existingUserAccount woobert","timestamp":"7/31/2024, 4:07:49 PM"}
{"level":"info","message":"Authentication successful!","timestamp":"7/31/2024, 4:07:49 PM"}
{"level":"info","message":"No data for that account.","timestamp":"7/31/2024, 4:07:50 PM"}
{"level":"info","message":"No data for that account.","timestamp":"7/31/2024, 4:07:50 PM"}
{"level":"info","message":"USER ID: 3","timestamp":"7/31/2024, 4:08:14 PM"}
{"level":"info","message":"userID: 27","timestamp":"7/31/2024, 4:08:59 PM"}
{"level":"info","message":"No data for that account.","timestamp":"7/31/2024, 4:10:25 PM"}
{"level":"info","message":"No data for that account.","timestamp":"7/31/2024, 4:10:25 PM"}
{"level":"info","message":"existingUserAccountDetails Jamie","timestamp":"7/31/2024, 4:11:15 PM"}
{"level":"info","message":"existingUserAccount woobert","timestamp":"7/31/2024, 8:58:01 PM"}
{"level":"info","message":"Authentication successful!","timestamp":"7/31/2024, 8:58:01 PM"}
{"level":"info","message":"existingUserAccountDetails Jamie","timestamp":"7/31/2024, 8:58:02 PM"}
{"level":"info","message":"existingUserAccount woobert","timestamp":"7/31/2024, 9:00:40 PM"}
{"level":"info","message":"Authentication successful!","timestamp":"7/31/2024, 9:00:40 PM"}
{"level":"info","message":"existingUserAccountDetails Jamie","timestamp":"7/31/2024, 9:00:41 PM"}
{"level":"info","message":"existingUserAccount woobert","timestamp":"7/31/2024, 9:04:01 PM"}
{"level":"info","message":"Authentication successful!","timestamp":"7/31/2024, 9:04:01 PM"}
{"level":"info","message":"existingUserAccountDetails Jamie","timestamp":"7/31/2024, 9:04:02 PM"}
{"level":"info","message":"existingUserAccount woobert","timestamp":"7/31/2024, 9:06:02 PM"}
{"level":"info","message":"Authentication successful!","timestamp":"7/31/2024, 9:06:02 PM"}
{"level":"info","message":"existingUserAccountDetails Jamie","timestamp":"7/31/2024, 9:06:03 PM"}
{"level":"info","message":"existingUserAccount woobert","timestamp":"7/31/2024, 9:06:28 PM"}
{"level":"info","message":"Authentication successful!","timestamp":"7/31/2024, 9:06:28 PM"}
{"level":"info","message":"existingUserAccountDetails Jamie","timestamp":"7/31/2024, 9:06:29 PM"}
{"level":"info","message":"existingUserAccount woobert","timestamp":"7/31/2024, 9:09:30 PM"}
{"level":"info","message":"Authentication successful!","timestamp":"7/31/2024, 9:09:30 PM"}
{"level":"info","message":"existingUserAccountDetails Jamie","timestamp":"7/31/2024, 9:09:31 PM"}
{"level":"info","message":"existingUserAccount woobert","timestamp":"7/31/2024, 9:10:48 PM"}
{"level":"info","message":"Authentication successful!","timestamp":"7/31/2024, 9:10:48 PM"}
{"level":"info","message":"existingUserAccountDetails Jamie","timestamp":"7/31/2024, 9:10:48 PM"}
{"level":"info","message":"existingUserAccount woobert","timestamp":"7/31/2024, 9:11:50 PM"}
{"level":"info","message":"Authentication successful!","timestamp":"7/31/2024, 9:11:50 PM"}
{"level":"info","message":"existingUserAccountDetails Jamie","timestamp":"7/31/2024, 9:11:51 PM"}
{"level":"info","message":"existingUserAccount woobert","timestamp":"7/31/2024, 9:19:33 PM"}
{"level":"info","message":"Authentication successful!","timestamp":"7/31/2024, 9:19:33 PM"}
{"level":"info","message":"existingUserAccountDetails Jamie","timestamp":"7/31/2024, 9:19:34 PM"}
{"level":"info","message":"existingUserAccount woobert","timestamp":"7/31/2024, 9:22:27 PM"}
{"level":"info","message":"Authentication successful!","timestamp":"7/31/2024, 9:22:27 PM"}
{"level":"info","message":"existingUserAccountDetails Jamie","timestamp":"7/31/2024, 9:22:28 PM"}
{"level":"info","message":"existingUserAccountDetails [object Object]","timestamp":"7/31/2024, 9:25:01 PM"}
{"level":"info","message":"existingUserAccount woobert","timestamp":"7/31/2024, 10:37:45 PM"}
{"level":"info","message":"Authentication successful!","timestamp":"7/31/2024, 10:37:45 PM"}
{"level":"info","message":"existingUserAccountDetails [object Object]","timestamp":"7/31/2024, 10:37:46 PM"}
{"level":"info","message":"existingUserAccount woobert","timestamp":"7/31/2024, 10:38:42 PM"}
{"level":"info","message":"Authentication successful!","timestamp":"7/31/2024, 10:38:42 PM"}
{"level":"info","message":"existingUserAccountDetails [object Object]","timestamp":"7/31/2024, 10:38:42 PM"}
{"level":"info","message":"existingUserAccount woobert","timestamp":"7/31/2024, 10:40:14 PM"}
{"level":"info","message":"Authentication successful!","timestamp":"7/31/2024, 10:40:15 PM"}
{"level":"info","message":"existingUserAccountDetails [object Object]","timestamp":"7/31/2024, 10:40:15 PM"}
{"level":"info","message":"existingUserAccountDetails [object Object]","timestamp":"7/31/2024, 10:40:15 PM"}
{"level":"info","message":"userID: 3","timestamp":"7/31/2024, 10:40:26 PM"}
{"level":"info","message":"No data for that account.","timestamp":"7/31/2024, 10:40:28 PM"}
{"level":"info","message":"No data for that account.","timestamp":"7/31/2024, 10:40:28 PM"}
{"level":"info","message":"No data for that account.","timestamp":"7/31/2024, 10:41:16 PM"}
{"level":"info","message":"No data for that account.","timestamp":"7/31/2024, 10:41:16 PM"}
{"level":"info","message":"existingUserAccount asdfas","timestamp":"7/31/2024, 10:41:24 PM"}
{"level":"error","message":"Password is incorrect.","timestamp":"7/31/2024, 10:41:24 PM"}
{"level":"error","message":"asdfas is already registered.","timestamp":"7/31/2024, 10:41:31 PM"}
{"level":"error","message":"asdfas is already registered.","timestamp":"7/31/2024, 10:41:33 PM"}
{"level":"error","message":"asdfas is already registered.","timestamp":"7/31/2024, 10:43:16 PM"}
{"level":"info","message":"No data for that account.","timestamp":"7/31/2024, 10:43:19 PM"}
{"level":"info","message":"No data for that account.","timestamp":"7/31/2024, 10:43:19 PM"}
{"level":"info","message":"existingUserAccount asdfas","timestamp":"7/31/2024, 10:43:27 PM"}
{"level":"error","message":"Password is incorrect.","timestamp":"7/31/2024, 10:43:28 PM"}
{"level":"info","message":"Creating new record in user_account table","timestamp":"7/31/2024, 10:44:56 PM"}
{"level":"info","message":"Record created with id 7","timestamp":"7/31/2024, 10:44:56 PM"}
{"level":"info","message":"No data for that account.","timestamp":"7/31/2024, 10:44:57 PM"}
{"level":"info","message":"No data for that account.","timestamp":"7/31/2024, 10:44:57 PM"}
{"level":"info","message":"No data for that account.","timestamp":"7/31/2024, 10:45:51 PM"}
{"level":"info","message":"No data for that account.","timestamp":"7/31/2024, 10:45:51 PM"}
{"level":"info","message":"existingUserAccount asdfas","timestamp":"7/31/2024, 11:07:32 PM"}
{"level":"info","message":"Authentication successful!","timestamp":"7/31/2024, 11:07:32 PM"}
{"level":"info","message":"No data for that account.","timestamp":"7/31/2024, 11:07:33 PM"}
{"level":"info","message":"No data for that account.","timestamp":"7/31/2024, 11:07:33 PM"}
{"level":"info","message":"USER ID: undefined","timestamp":"7/31/2024, 11:07:58 PM"}
{"level":"info","message":"USER ID: 7","timestamp":"7/31/2024, 11:09:48 PM"}
{"level":"info","message":"No data for that account.","timestamp":"7/31/2024, 11:09:50 PM"}
{"level":"info","message":"No data for that account.","timestamp":"7/31/2024, 11:09:50 PM"}
{"level":"info","message":"USER ID: 29","timestamp":"7/31/2024, 11:10:16 PM"}
{"level":"info","message":"existingUserAccount asdfas","timestamp":"7/31/2024, 11:12:46 PM"}
{"level":"info","message":"Authentication successful!","timestamp":"7/31/2024, 11:12:46 PM"}
{"level":"info","message":"existingUserAccountDetails [object Object]","timestamp":"7/31/2024, 11:12:47 PM"}
{"level":"info","message":"existingUserAccountDetails [object Object]","timestamp":"7/31/2024, 11:12:47 PM"}
{"level":"info","message":"userID: 7","timestamp":"7/31/2024, 11:12:50 PM"}
{"level":"info","message":"userID: 29","timestamp":"7/31/2024, 11:12:54 PM"}
{"level":"info","message":"userID: 29","timestamp":"7/31/2024, 11:15:41 PM"}
{"level":"info","message":"userID: 29","timestamp":"7/31/2024, 11:16:35 PM"}
{"level":"info","message":"userID: 29","timestamp":"7/31/2024, 11:17:36 PM"}
{"level":"info","message":"No data for that account.","timestamp":"7/31/2024, 11:17:41 PM"}
{"level":"info","message":"No data for that account.","timestamp":"7/31/2024, 11:17:41 PM"}
{"level":"info","message":"existingUserAccount woobert","timestamp":"7/31/2024, 11:17:54 PM"}
{"level":"info","message":"Authentication successful!","timestamp":"7/31/2024, 11:17:54 PM"}
{"level":"info","message":"existingUserAccountDetails [object Object]","timestamp":"7/31/2024, 11:17:56 PM"}
{"level":"info","message":"existingUserAccountDetails [object Object]","timestamp":"7/31/2024, 11:17:56 PM"}
{"level":"info","message":"userID: 3","timestamp":"7/31/2024, 11:18:03 PM"}
{"level":"info","message":"userID: undefined","timestamp":"7/31/2024, 11:18:07 PM"}
{"level":"info","message":"existingUserAccount asdfas","timestamp":"7/31/2024, 11:19:37 PM"}
{"level":"info","message":"Authentication successful!","timestamp":"7/31/2024, 11:19:37 PM"}
{"level":"info","message":"existingUserAccount asdfas","timestamp":"7/31/2024, 11:20:03 PM"}
{"level":"info","message":"Authentication successful!","timestamp":"7/31/2024, 11:20:03 PM"}
{"level":"info","message":"existingUserAccount asdfas","timestamp":"7/31/2024, 11:21:01 PM"}
{"level":"info","message":"Authentication successful!","timestamp":"7/31/2024, 11:21:01 PM"}
{"level":"info","message":"existingUserAccountDetails [object Object]","timestamp":"7/31/2024, 11:21:02 PM"}
{"level":"info","message":"existingUserAccountDetails [object Object]","timestamp":"7/31/2024, 11:21:02 PM"}
{"level":"info","message":"userID: 7","timestamp":"7/31/2024, 11:21:03 PM"}
{"level":"info","message":"userID: undefined","timestamp":"7/31/2024, 11:21:06 PM"}
{"level":"info","message":"existingUserAccount woobert","timestamp":"7/31/2024, 11:22:24 PM"}
{"level":"info","message":"Authentication successful!","timestamp":"7/31/2024, 11:22:24 PM"}
{"level":"info","message":"existingUserAccountDetails [object Object]","timestamp":"7/31/2024, 11:22:25 PM"}
{"level":"info","message":"existingUserAccountDetails [object Object]","timestamp":"7/31/2024, 11:22:25 PM"}
{"level":"info","message":"userID: 3","timestamp":"7/31/2024, 11:22:42 PM"}
{"level":"info","message":"userID: undefined","timestamp":"7/31/2024, 11:22:47 PM"}
{"level":"info","message":"Creating new record in user_account table","timestamp":"7/31/2024, 11:23:53 PM"}
{"level":"info","message":"Record created with id 40","timestamp":"7/31/2024, 11:23:53 PM"}
{"level":"info","message":"No data for that account.","timestamp":"7/31/2024, 11:23:54 PM"}
{"level":"info","message":"No data for that account.","timestamp":"7/31/2024, 11:23:54 PM"}
{"level":"info","message":"USER ID: 40","timestamp":"7/31/2024, 11:24:21 PM"}
{"level":"info","message":"userID: undefined","timestamp":"7/31/2024, 11:24:38 PM"}
{"level":"info","message":"userID: undefined","timestamp":"7/31/2024, 11:25:29 PM"}
{"level":"info","message":"existingUserAccount asdfas","timestamp":"7/31/2024, 11:25:40 PM"}
{"level":"info","message":"Authentication successful!","timestamp":"7/31/2024, 11:25:40 PM"}
{"level":"info","message":"existingUserAccountDetails [object Object]","timestamp":"7/31/2024, 11:25:42 PM"}
{"level":"info","message":"existingUserAccountDetails [object Object]","timestamp":"7/31/2024, 11:25:42 PM"}
{"level":"info","message":"userID: 40","timestamp":"7/31/2024, 11:25:44 PM"}
{"level":"info","message":"existingUserAccount asdfas","timestamp":"7/31/2024, 11:27:54 PM"}
{"level":"info","message":"Authentication successful!","timestamp":"7/31/2024, 11:27:54 PM"}
{"level":"info","message":"existingUserAccountDetails [object Object]","timestamp":"7/31/2024, 11:27:57 PM"}
{"level":"info","message":"existingUserAccountDetails [object Object]","timestamp":"7/31/2024, 11:27:57 PM"}
{"level":"info","message":"userID: 40","timestamp":"7/31/2024, 11:28:01 PM"}
{"level":"info","message":"userID: undefined","timestamp":"7/31/2024, 11:28:05 PM"}
{"level":"info","message":"existingUserAccount asdfas","timestamp":"7/31/2024, 11:29:32 PM"}
{"level":"info","message":"Authentication successful!","timestamp":"7/31/2024, 11:29:32 PM"}
{"level":"info","message":"existingUserAccountDetails [object Object]","timestamp":"7/31/2024, 11:29:35 PM"}
{"level":"info","message":"existingUserAccountDetails [object Object]","timestamp":"7/31/2024, 11:29:35 PM"}
{"level":"info","message":"userID: 40","timestamp":"7/31/2024, 11:30:14 PM"}
{"level":"info","message":"Creating new record in user_account table","timestamp":"7/31/2024, 11:31:38 PM"}
{"level":"info","message":"Record created with id 41","timestamp":"7/31/2024, 11:31:38 PM"}
{"level":"info","message":"No data for that account.","timestamp":"7/31/2024, 11:31:39 PM"}
{"level":"info","message":"No data for that account.","timestamp":"7/31/2024, 11:31:39 PM"}
{"level":"info","message":"USER ID: 41","timestamp":"7/31/2024, 11:32:29 PM"}
{"level":"info","message":"userID: undefined","timestamp":"7/31/2024, 11:33:37 PM"}
{"level":"info","message":"existingUserAccount woobert","timestamp":"7/31/2024, 11:33:59 PM"}
{"level":"info","message":"Authentication successful!","timestamp":"7/31/2024, 11:33:59 PM"}
{"level":"info","message":"existingUserAccountDetails [object Object]","timestamp":"7/31/2024, 11:34:01 PM"}
{"level":"info","message":"existingUserAccountDetails [object Object]","timestamp":"7/31/2024, 11:34:01 PM"}
{"level":"info","message":"userID: 41","timestamp":"7/31/2024, 11:34:05 PM"}
{"level":"info","message":"existingUserAccount asdfas","timestamp":"7/31/2024, 11:37:51 PM"}
{"level":"info","message":"Authentication successful!","timestamp":"7/31/2024, 11:37:51 PM"}
{"level":"info","message":"existingUserAccountDetails [object Object]","timestamp":"7/31/2024, 11:37:53 PM"}
{"level":"info","message":"existingUserAccountDetails [object Object]","timestamp":"7/31/2024, 11:37:53 PM"}
{"level":"info","message":"userID: 40","timestamp":"7/31/2024, 11:37:57 PM"}
{"level":"info","message":"userID: 40","timestamp":"7/31/2024, 11:37:58 PM"}
{"level":"info","message":"existingUserAccountDetails [object Object]","timestamp":"7/31/2024, 11:38:00 PM"}
{"level":"info","message":"existingUserAccountDetails [object Object]","timestamp":"7/31/2024, 11:38:00 PM"}
{"level":"info","message":"userID: 40","timestamp":"7/31/2024, 11:38:05 PM"}
{"level":"info","message":"existingUserAccount woobert","timestamp":"7/31/2024, 11:38:09 PM"}
{"level":"info","message":"Authentication successful!","timestamp":"7/31/2024, 11:38:09 PM"}
{"level":"info","message":"existingUserAccountDetails [object Object]","timestamp":"7/31/2024, 11:38:10 PM"}
{"level":"info","message":"existingUserAccountDetails [object Object]","timestamp":"7/31/2024, 11:38:10 PM"}
{"level":"info","message":"userID: 41","timestamp":"7/31/2024, 11:38:12 PM"}
{"level":"info","message":"userID: 41","timestamp":"7/31/2024, 11:38:18 PM"}
{"level":"info","message":"existingUserAccountDetails [object Object]","timestamp":"7/31/2024, 11:38:21 PM"}
{"level":"info","message":"existingUserAccountDetails [object Object]","timestamp":"7/31/2024, 11:38:21 PM"}
